<?xml version="1.0" encoding="UTF-8" ?>
<testsuite tests="4" failures="0" name="com.amazon.aws.emr.common.system.impl.JniBasedPrincipalResolverTest" time="0.781" errors="4" skipped="0">
  <properties>
[...]
</properties>
  <testcase classname="com.amazon.aws.emr.common.system.impl.JniBasedPrincipalResolverTest" name="staleGroupMapping_shouldGetRefreshed" time="0.646">
    <error message="
Mockito cannot mock this class: class com.amazon.aws.emr.common.system.impl.JniBasedPrincipalResolver.

Mockito can only mock non-private &amp; non-final classes.
If you&apos;re not sure why you&apos;re getting this error, please report to the mailing list.


Java               : 11
JVM vendor name    : Ubuntu
JVM vendor version : 11.0.8+10-post-Ubuntu-0ubuntu120.04
JVM name           : OpenJDK 64-Bit Server VM
JVM version        : 11.0.8+10-post-Ubuntu-0ubuntu120.04
JVM info           : mixed mode, sharing
OS name            : Linux
OS version         : 5.4.0-51-generic


Underlying exception : java.lang.UnsupportedOperationException: Cannot define class using reflection" type="org.mockito.exceptions.base.MockitoException">org.mockito.exceptions.base.MockitoException: 
Mockito cannot mock this class: class com.amazon.aws.emr.common.system.impl.JniBasedPrincipalResolver.

Mockito can only mock non-private &amp; non-final classes.
If you&apos;re not sure why you&apos;re getting this error, please report to the mailing list.


Java               : 11
JVM vendor name    : Ubuntu
JVM vendor version : 11.0.8+10-post-Ubuntu-0ubuntu120.04
JVM name           : OpenJDK 64-Bit Server VM
JVM version        : 11.0.8+10-post-Ubuntu-0ubuntu120.04
JVM info           : mixed mode, sharing
OS name            : Linux
OS version         : 5.4.0-51-generic


Underlying exception : java.lang.UnsupportedOperationException: Cannot define class using reflection
	at com.amazon.aws.emr.common.system.impl.JniBasedPrincipalResolverTest.setup(JniBasedPrincipalResolverTest.java:21)
	at java.base/jdk.internal.reflect.NativeMethodAccessorImpl.invoke0(Native Method)
	at java.base/jdk.internal.reflect.NativeMethodAccessorImpl.invoke(NativeMethodAccessorImpl.java:62)
	at java.base/jdk.internal.reflect.DelegatingMethodAccessorImpl.invoke(DelegatingMethodAccessorImpl.java:43)
	at java.base/java.lang.reflect.Method.invoke(Method.java:566)
	at org.junit.runners.model.FrameworkMethod$1.runReflectiveCall(FrameworkMethod.java:50)
	at org.junit.internal.runners.model.ReflectiveCallable.run(ReflectiveCallable.java:12)
	at org.junit.runners.model.FrameworkMethod.invokeExplosively(FrameworkMethod.java:47)
	at org.junit.internal.runners.statements.RunBefores.evaluate(RunBefores.java:24)
	at org.junit.runners.ParentRunner.runLeaf(ParentRunner.java:325)
	at org.junit.runners.BlockJUnit4ClassRunner.runChild(BlockJUnit4ClassRunner.java:78)
	at org.junit.runners.BlockJUnit4ClassRunner.runChild(BlockJUnit4ClassRunner.java:57)
	at org.junit.runners.ParentRunner$3.run(ParentRunner.java:290)
	at org.junit.runners.ParentRunner$1.schedule(ParentRunner.java:71)
	at org.junit.runners.ParentRunner.runChildren(ParentRunner.java:288)
	at org.junit.runners.ParentRunner.access$000(ParentRunner.java:58)
	at org.junit.runners.ParentRunner$2.evaluate(ParentRunner.java:268)
	at org.junit.runners.ParentRunner.run(ParentRunner.java:363)
	at org.apache.maven.surefire.junit4.JUnit4Provider.execute(JUnit4Provider.java:252)
	at org.apache.maven.surefire.junit4.JUnit4Provider.executeTestSet(JUnit4Provider.java:141)
	at org.apache.maven.surefire.junit4.JUnit4Provider.invoke(JUnit4Provider.java:112)
	at java.base/jdk.internal.reflect.NativeMethodAccessorImpl.invoke0(Native Method)
	at java.base/jdk.internal.reflect.NativeMethodAccessorImpl.invoke(NativeMethodAccessorImpl.java:62)
	at java.base/jdk.internal.reflect.DelegatingMethodAccessorImpl.invoke(DelegatingMethodAccessorImpl.java:43)
	at java.base/java.lang.reflect.Method.invoke(Method.java:566)
	at org.apache.maven.surefire.util.ReflectionUtils.invokeMethodWithArray(ReflectionUtils.java:189)
	at org.apache.maven.surefire.booter.ProviderFactory$ProviderProxy.invoke(ProviderFactory.java:165)
	at org.apache.maven.surefire.booter.ProviderFactory.invokeProvider(ProviderFactory.java:85)
	at org.apache.maven.surefire.booter.ForkedBooter.runSuitesInProcess(ForkedBooter.java:115)
	at org.apache.maven.surefire.booter.ForkedBooter.main(ForkedBooter.java:75)
Caused by: java.lang.UnsupportedOperationException: Cannot define class using reflection
	at net.bytebuddy.dynamic.loading.ClassInjector$UsingReflection$Dispatcher$Unavailable.defineClass(ClassInjector.java:821)
	at net.bytebuddy.dynamic.loading.ClassInjector$UsingReflection.inject(ClassInjector.java:185)
	at net.bytebuddy.dynamic.loading.ClassLoadingStrategy$Default$InjectionDispatcher.load(ClassLoadingStrategy.java:187)
	at net.bytebuddy.dynamic.TypeResolutionStrategy$Passive.initialize(TypeResolutionStrategy.java:79)
	at net.bytebuddy.dynamic.DynamicType$Default$Unloaded.load(DynamicType.java:4376)
	at org.mockito.internal.creation.bytebuddy.SubclassBytecodeGenerator.mockClass(SubclassBytecodeGenerator.java:94)
	at org.mockito.internal.creation.bytebuddy.TypeCachingBytecodeGenerator$1.call(TypeCachingBytecodeGenerator.java:37)
	at org.mockito.internal.creation.bytebuddy.TypeCachingBytecodeGenerator$1.call(TypeCachingBytecodeGenerator.java:34)
	at net.bytebuddy.TypeCache.findOrInsert(TypeCache.java:138)
	at net.bytebuddy.TypeCache$WithInlineExpunction.findOrInsert(TypeCache.java:346)
	at net.bytebuddy.TypeCache.findOrInsert(TypeCache.java:161)
	at net.bytebuddy.TypeCache$WithInlineExpunction.findOrInsert(TypeCache.java:355)
	at org.mockito.internal.creation.bytebuddy.TypeCachingBytecodeGenerator.mockClass(TypeCachingBytecodeGenerator.java:32)
	at org.mockito.internal.creation.bytebuddy.SubclassByteBuddyMockMaker.createMockType(SubclassByteBuddyMockMaker.java:71)
	at org.mockito.internal.creation.bytebuddy.SubclassByteBuddyMockMaker.createMock(SubclassByteBuddyMockMaker.java:42)
	at org.powermock.api.mockito.mockmaker.PowerMockMaker.createMock(PowerMockMaker.java:50)
	at org.mockito.internal.util.MockUtil.createMock(MockUtil.java:35)
	at org.mockito.internal.MockitoCore.mock(MockitoCore.java:63)
	at org.mockito.Mockito.mock(Mockito.java:1729)
	... 30 more
Caused by: java.lang.IllegalArgumentException: Unknown Java version: 11
	at net.bytebuddy.ClassFileVersion.ofJavaVersion(ClassFileVersion.java:135)
	at net.bytebuddy.ClassFileVersion$VersionLocator$ForJava9CapableVm.locate(ClassFileVersion.java:337)
	at net.bytebuddy.ClassFileVersion.ofThisVm(ClassFileVersion.java:147)
	at net.bytebuddy.dynamic.loading.ClassInjector$UsingReflection$Dispatcher$CreationAction.run(ClassInjector.java:301)
	at net.bytebuddy.dynamic.loading.ClassInjector$UsingReflection$Dispatcher$CreationAction.run(ClassInjector.java:290)
	at java.base/java.security.AccessController.doPrivileged(Native Method)
	at net.bytebuddy.dynamic.loading.ClassInjector$UsingReflection.&lt;clinit&gt;(ClassInjector.java:70)
	at net.bytebuddy.dynamic.loading.ClassLoadingStrategy$Default$InjectionDispatcher.load(ClassLoadingStrategy.java:184)
	... 46 more
</error>
  </testcase>
  <testcase classname="com.amazon.aws.emr.common.system.impl.JniBasedPrincipalResolverTest" name="validUsername_returnsCorrespondingGroups" time="0.052">
    <error message="
Mockito cannot mock this class: class com.amazon.aws.emr.common.system.impl.JniBasedPrincipalResolver.

Mockito can only mock non-private &amp; non-final classes.
If you&apos;re not sure why you&apos;re getting this error, please report to the mailing list.


Java               : 11
JVM vendor name    : Ubuntu
JVM vendor version : 11.0.8+10-post-Ubuntu-0ubuntu120.04
JVM name           : OpenJDK 64-Bit Server VM
JVM version        : 11.0.8+10-post-Ubuntu-0ubuntu120.04
JVM info           : mixed mode, sharing
OS name            : Linux
OS version         : 5.4.0-51-generic


Underlying exception : java.lang.UnsupportedOperationException: Cannot define class using reflection" type="org.mockito.exceptions.base.MockitoException">org.mockito.exceptions.base.MockitoException: 
Mockito cannot mock this class: class com.amazon.aws.emr.common.system.impl.JniBasedPrincipalResolver.

Mockito can only mock non-private &amp; non-final classes.
If you&apos;re not sure why you&apos;re getting this error, please report to the mailing list.


Java               : 11
JVM vendor name    : Ubuntu
JVM vendor version : 11.0.8+10-post-Ubuntu-0ubuntu120.04
JVM name           : OpenJDK 64-Bit Server VM
JVM version        : 11.0.8+10-post-Ubuntu-0ubuntu120.04
JVM info           : mixed mode, sharing
OS name            : Linux
OS version         : 5.4.0-51-generic


Underlying exception : java.lang.UnsupportedOperationException: Cannot define class using reflection
	at com.amazon.aws.emr.common.system.impl.JniBasedPrincipalResolverTest.setup(JniBasedPrincipalResolverTest.java:21)
	at java.base/jdk.internal.reflect.NativeMethodAccessorImpl.invoke0(Native Method)
	at java.base/jdk.internal.reflect.NativeMethodAccessorImpl.invoke(NativeMethodAccessorImpl.java:62)
	at java.base/jdk.internal.reflect.DelegatingMethodAccessorImpl.invoke(DelegatingMethodAccessorImpl.java:43)
	at java.base/java.lang.reflect.Method.invoke(Method.java:566)
	at org.junit.runners.model.FrameworkMethod$1.runReflectiveCall(FrameworkMethod.java:50)
	at org.junit.internal.runners.model.ReflectiveCallable.run(ReflectiveCallable.java:12)
	at org.junit.runners.model.FrameworkMethod.invokeExplosively(FrameworkMethod.java:47)
	at org.junit.internal.runners.statements.RunBefores.evaluate(RunBefores.java:24)
	at org.junit.runners.ParentRunner.runLeaf(ParentRunner.java:325)
	at org.junit.runners.BlockJUnit4ClassRunner.runChild(BlockJUnit4ClassRunner.java:78)
	at org.junit.runners.BlockJUnit4ClassRunner.runChild(BlockJUnit4ClassRunner.java:57)
	at org.junit.runners.ParentRunner$3.run(ParentRunner.java:290)
	at org.junit.runners.ParentRunner$1.schedule(ParentRunner.java:71)
	at org.junit.runners.ParentRunner.runChildren(ParentRunner.java:288)
	at org.junit.runners.ParentRunner.access$000(ParentRunner.java:58)
	at org.junit.runners.ParentRunner$2.evaluate(ParentRunner.java:268)
	at org.junit.runners.ParentRunner.run(ParentRunner.java:363)
	at org.apache.maven.surefire.junit4.JUnit4Provider.execute(JUnit4Provider.java:252)
	at org.apache.maven.surefire.junit4.JUnit4Provider.executeTestSet(JUnit4Provider.java:141)
	at org.apache.maven.surefire.junit4.JUnit4Provider.invoke(JUnit4Provider.java:112)
	at java.base/jdk.internal.reflect.NativeMethodAccessorImpl.invoke0(Native Method)
	at java.base/jdk.internal.reflect.NativeMethodAccessorImpl.invoke(NativeMethodAccessorImpl.java:62)
	at java.base/jdk.internal.reflect.DelegatingMethodAccessorImpl.invoke(DelegatingMethodAccessorImpl.java:43)
	at java.base/java.lang.reflect.Method.invoke(Method.java:566)
	at org.apache.maven.surefire.util.ReflectionUtils.invokeMethodWithArray(ReflectionUtils.java:189)
	at org.apache.maven.surefire.booter.ProviderFactory$ProviderProxy.invoke(ProviderFactory.java:165)
	at org.apache.maven.surefire.booter.ProviderFactory.invokeProvider(ProviderFactory.java:85)
	at org.apache.maven.surefire.booter.ForkedBooter.runSuitesInProcess(ForkedBooter.java:115)
	at org.apache.maven.surefire.booter.ForkedBooter.main(ForkedBooter.java:75)
Caused by: java.lang.UnsupportedOperationException: Cannot define class using reflection
	at net.bytebuddy.dynamic.loading.ClassInjector$UsingReflection$Dispatcher$Unavailable.defineClass(ClassInjector.java:821)
	at net.bytebuddy.dynamic.loading.ClassInjector$UsingReflection.inject(ClassInjector.java:185)
	at net.bytebuddy.dynamic.loading.ClassLoadingStrategy$Default$InjectionDispatcher.load(ClassLoadingStrategy.java:187)
	at net.bytebuddy.dynamic.TypeResolutionStrategy$Passive.initialize(TypeResolutionStrategy.java:79)
	at net.bytebuddy.dynamic.DynamicType$Default$Unloaded.load(DynamicType.java:4376)
	at org.mockito.internal.creation.bytebuddy.SubclassBytecodeGenerator.mockClass(SubclassBytecodeGenerator.java:94)
	at org.mockito.internal.creation.bytebuddy.TypeCachingBytecodeGenerator$1.call(TypeCachingBytecodeGenerator.java:37)
	at org.mockito.internal.creation.bytebuddy.TypeCachingBytecodeGenerator$1.call(TypeCachingBytecodeGenerator.java:34)
	at net.bytebuddy.TypeCache.findOrInsert(TypeCache.java:138)
	at net.bytebuddy.TypeCache$WithInlineExpunction.findOrInsert(TypeCache.java:346)
	at net.bytebuddy.TypeCache.findOrInsert(TypeCache.java:161)
	at net.bytebuddy.TypeCache$WithInlineExpunction.findOrInsert(TypeCache.java:355)
	at org.mockito.internal.creation.bytebuddy.TypeCachingBytecodeGenerator.mockClass(TypeCachingBytecodeGenerator.java:32)
	at org.mockito.internal.creation.bytebuddy.SubclassByteBuddyMockMaker.createMockType(SubclassByteBuddyMockMaker.java:71)
	at org.mockito.internal.creation.bytebuddy.SubclassByteBuddyMockMaker.createMock(SubclassByteBuddyMockMaker.java:42)
	at org.powermock.api.mockito.mockmaker.PowerMockMaker.createMock(PowerMockMaker.java:50)
	at org.mockito.internal.util.MockUtil.createMock(MockUtil.java:35)
	at org.mockito.internal.MockitoCore.mock(MockitoCore.java:63)
	at org.mockito.Mockito.mock(Mockito.java:1729)
	... 30 more
Caused by: java.lang.IllegalArgumentException: Unknown Java version: 11
	at net.bytebuddy.ClassFileVersion.ofJavaVersion(ClassFileVersion.java:135)
	at net.bytebuddy.ClassFileVersion$VersionLocator$ForJava9CapableVm.locate(ClassFileVersion.java:337)
	at net.bytebuddy.ClassFileVersion.ofThisVm(ClassFileVersion.java:147)
	at net.bytebuddy.dynamic.loading.ClassInjector$UsingReflection$Dispatcher$CreationAction.run(ClassInjector.java:301)
	at net.bytebuddy.dynamic.loading.ClassInjector$UsingReflection$Dispatcher$CreationAction.run(ClassInjector.java:290)
	at java.base/java.security.AccessController.doPrivileged(Native Method)
	at net.bytebuddy.dynamic.loading.ClassInjector$UsingReflection.&lt;clinit&gt;(ClassInjector.java:70)
	at net.bytebuddy.dynamic.loading.ClassLoadingStrategy$Default$InjectionDispatcher.load(ClassLoadingStrategy.java:184)
	... 46 more
</error>
  </testcase>
  <testcase classname="com.amazon.aws.emr.common.system.impl.JniBasedPrincipalResolverTest" name="validUid_returnsCorrespondingUsername" time="0.044">
    <error message="
Mockito cannot mock this class: class com.amazon.aws.emr.common.system.impl.JniBasedPrincipalResolver.

Mockito can only mock non-private &amp; non-final classes.
If you&apos;re not sure why you&apos;re getting this error, please report to the mailing list.


Java               : 11
JVM vendor name    : Ubuntu
JVM vendor version : 11.0.8+10-post-Ubuntu-0ubuntu120.04
JVM name           : OpenJDK 64-Bit Server VM
JVM version        : 11.0.8+10-post-Ubuntu-0ubuntu120.04
JVM info           : mixed mode, sharing
OS name            : Linux
OS version         : 5.4.0-51-generic


Underlying exception : java.lang.UnsupportedOperationException: Cannot define class using reflection" type="org.mockito.exceptions.base.MockitoException">org.mockito.exceptions.base.MockitoException: 
Mockito cannot mock this class: class com.amazon.aws.emr.common.system.impl.JniBasedPrincipalResolver.

Mockito can only mock non-private &amp; non-final classes.
If you&apos;re not sure why you&apos;re getting this error, please report to the mailing list.


Java               : 11
JVM vendor name    : Ubuntu
JVM vendor version : 11.0.8+10-post-Ubuntu-0ubuntu120.04
JVM name           : OpenJDK 64-Bit Server VM
JVM version        : 11.0.8+10-post-Ubuntu-0ubuntu120.04
JVM info           : mixed mode, sharing
OS name            : Linux
OS version         : 5.4.0-51-generic


Underlying exception : java.lang.UnsupportedOperationException: Cannot define class using reflection
	at com.amazon.aws.emr.common.system.impl.JniBasedPrincipalResolverTest.setup(JniBasedPrincipalResolverTest.java:21)
	at java.base/jdk.internal.reflect.NativeMethodAccessorImpl.invoke0(Native Method)
	at java.base/jdk.internal.reflect.NativeMethodAccessorImpl.invoke(NativeMethodAccessorImpl.java:62)
	at java.base/jdk.internal.reflect.DelegatingMethodAccessorImpl.invoke(DelegatingMethodAccessorImpl.java:43)
	at java.base/java.lang.reflect.Method.invoke(Method.java:566)
	at org.junit.runners.model.FrameworkMethod$1.runReflectiveCall(FrameworkMethod.java:50)
	at org.junit.internal.runners.model.ReflectiveCallable.run(ReflectiveCallable.java:12)
	at org.junit.runners.model.FrameworkMethod.invokeExplosively(FrameworkMethod.java:47)
	at org.junit.internal.runners.statements.RunBefores.evaluate(RunBefores.java:24)
	at org.junit.runners.ParentRunner.runLeaf(ParentRunner.java:325)
	at org.junit.runners.BlockJUnit4ClassRunner.runChild(BlockJUnit4ClassRunner.java:78)
	at org.junit.runners.BlockJUnit4ClassRunner.runChild(BlockJUnit4ClassRunner.java:57)
	at org.junit.runners.ParentRunner$3.run(ParentRunner.java:290)
	at org.junit.runners.ParentRunner$1.schedule(ParentRunner.java:71)
	at org.junit.runners.ParentRunner.runChildren(ParentRunner.java:288)
	at org.junit.runners.ParentRunner.access$000(ParentRunner.java:58)
	at org.junit.runners.ParentRunner$2.evaluate(ParentRunner.java:268)
	at org.junit.runners.ParentRunner.run(ParentRunner.java:363)
	at org.apache.maven.surefire.junit4.JUnit4Provider.execute(JUnit4Provider.java:252)
	at org.apache.maven.surefire.junit4.JUnit4Provider.executeTestSet(JUnit4Provider.java:141)
	at org.apache.maven.surefire.junit4.JUnit4Provider.invoke(JUnit4Provider.java:112)
	at java.base/jdk.internal.reflect.NativeMethodAccessorImpl.invoke0(Native Method)
	at java.base/jdk.internal.reflect.NativeMethodAccessorImpl.invoke(NativeMethodAccessorImpl.java:62)
	at java.base/jdk.internal.reflect.DelegatingMethodAccessorImpl.invoke(DelegatingMethodAccessorImpl.java:43)
	at java.base/java.lang.reflect.Method.invoke(Method.java:566)
	at org.apache.maven.surefire.util.ReflectionUtils.invokeMethodWithArray(ReflectionUtils.java:189)
	at org.apache.maven.surefire.booter.ProviderFactory$ProviderProxy.invoke(ProviderFactory.java:165)
	at org.apache.maven.surefire.booter.ProviderFactory.invokeProvider(ProviderFactory.java:85)
	at org.apache.maven.surefire.booter.ForkedBooter.runSuitesInProcess(ForkedBooter.java:115)
	at org.apache.maven.surefire.booter.ForkedBooter.main(ForkedBooter.java:75)
Caused by: java.lang.UnsupportedOperationException: Cannot define class using reflection
	at net.bytebuddy.dynamic.loading.ClassInjector$UsingReflection$Dispatcher$Unavailable.defineClass(ClassInjector.java:821)
	at net.bytebuddy.dynamic.loading.ClassInjector$UsingReflection.inject(ClassInjector.java:185)
	at net.bytebuddy.dynamic.loading.ClassLoadingStrategy$Default$InjectionDispatcher.load(ClassLoadingStrategy.java:187)
	at net.bytebuddy.dynamic.TypeResolutionStrategy$Passive.initialize(TypeResolutionStrategy.java:79)
	at net.bytebuddy.dynamic.DynamicType$Default$Unloaded.load(DynamicType.java:4376)
	at org.mockito.internal.creation.bytebuddy.SubclassBytecodeGenerator.mockClass(SubclassBytecodeGenerator.java:94)
	at org.mockito.internal.creation.bytebuddy.TypeCachingBytecodeGenerator$1.call(TypeCachingBytecodeGenerator.java:37)
	at org.mockito.internal.creation.bytebuddy.TypeCachingBytecodeGenerator$1.call(TypeCachingBytecodeGenerator.java:34)
	at net.bytebuddy.TypeCache.findOrInsert(TypeCache.java:138)
	at net.bytebuddy.TypeCache$WithInlineExpunction.findOrInsert(TypeCache.java:346)
	at net.bytebuddy.TypeCache.findOrInsert(TypeCache.java:161)
	at net.bytebuddy.TypeCache$WithInlineExpunction.findOrInsert(TypeCache.java:355)
	at org.mockito.internal.creation.bytebuddy.TypeCachingBytecodeGenerator.mockClass(TypeCachingBytecodeGenerator.java:32)
	at org.mockito.internal.creation.bytebuddy.SubclassByteBuddyMockMaker.createMockType(SubclassByteBuddyMockMaker.java:71)
	at org.mockito.internal.creation.bytebuddy.SubclassByteBuddyMockMaker.createMock(SubclassByteBuddyMockMaker.java:42)
	at org.powermock.api.mockito.mockmaker.PowerMockMaker.createMock(PowerMockMaker.java:50)
	at org.mockito.internal.util.MockUtil.createMock(MockUtil.java:35)
	at org.mockito.internal.MockitoCore.mock(MockitoCore.java:63)
	at org.mockito.Mockito.mock(Mockito.java:1729)
	... 30 more
Caused by: java.lang.IllegalArgumentException: Unknown Java version: 11
	at net.bytebuddy.ClassFileVersion.ofJavaVersion(ClassFileVersion.java:135)
	at net.bytebuddy.ClassFileVersion$VersionLocator$ForJava9CapableVm.locate(ClassFileVersion.java:337)
	at net.bytebuddy.ClassFileVersion.ofThisVm(ClassFileVersion.java:147)
	at net.bytebuddy.dynamic.loading.ClassInjector$UsingReflection$Dispatcher$CreationAction.run(ClassInjector.java:301)
	at net.bytebuddy.dynamic.loading.ClassInjector$UsingReflection$Dispatcher$CreationAction.run(ClassInjector.java:290)
	at java.base/java.security.AccessController.doPrivileged(Native Method)
	at net.bytebuddy.dynamic.loading.ClassInjector$UsingReflection.&lt;clinit&gt;(ClassInjector.java:70)
	at net.bytebuddy.dynamic.loading.ClassLoadingStrategy$Default$InjectionDispatcher.load(ClassLoadingStrategy.java:184)
	... 46 more
</error>
  </testcase>
  <testcase classname="com.amazon.aws.emr.common.system.impl.JniBasedPrincipalResolverTest" name="subsequentRetrieveGroupsCall_returnGroupsFromCache" time="0.039">
    <error message="
Mockito cannot mock this class: class com.amazon.aws.emr.common.system.impl.JniBasedPrincipalResolver.

Mockito can only mock non-private &amp; non-final classes.
If you&apos;re not sure why you&apos;re getting this error, please report to the mailing list.


Java               : 11
JVM vendor name    : Ubuntu
JVM vendor version : 11.0.8+10-post-Ubuntu-0ubuntu120.04
JVM name           : OpenJDK 64-Bit Server VM
JVM version        : 11.0.8+10-post-Ubuntu-0ubuntu120.04
JVM info           : mixed mode, sharing
OS name            : Linux
OS version         : 5.4.0-51-generic


Underlying exception : java.lang.UnsupportedOperationException: Cannot define class using reflection" type="org.mockito.exceptions.base.MockitoException">org.mockito.exceptions.base.MockitoException: 
Mockito cannot mock this class: class com.amazon.aws.emr.common.system.impl.JniBasedPrincipalResolver.

Mockito can only mock non-private &amp; non-final classes.
If you&apos;re not sure why you&apos;re getting this error, please report to the mailing list.


Java               : 11
JVM vendor name    : Ubuntu
JVM vendor version : 11.0.8+10-post-Ubuntu-0ubuntu120.04
JVM name           : OpenJDK 64-Bit Server VM
JVM version        : 11.0.8+10-post-Ubuntu-0ubuntu120.04
JVM info           : mixed mode, sharing
OS name            : Linux
OS version         : 5.4.0-51-generic


Underlying exception : java.lang.UnsupportedOperationException: Cannot define class using reflection
	at com.amazon.aws.emr.common.system.impl.JniBasedPrincipalResolverTest.setup(JniBasedPrincipalResolverTest.java:21)
	at java.base/jdk.internal.reflect.NativeMethodAccessorImpl.invoke0(Native Method)
	at java.base/jdk.internal.reflect.NativeMethodAccessorImpl.invoke(NativeMethodAccessorImpl.java:62)
	at java.base/jdk.internal.reflect.DelegatingMethodAccessorImpl.invoke(DelegatingMethodAccessorImpl.java:43)
	at java.base/java.lang.reflect.Method.invoke(Method.java:566)
	at org.junit.runners.model.FrameworkMethod$1.runReflectiveCall(FrameworkMethod.java:50)
	at org.junit.internal.runners.model.ReflectiveCallable.run(ReflectiveCallable.java:12)
	at org.junit.runners.model.FrameworkMethod.invokeExplosively(FrameworkMethod.java:47)
	at org.junit.internal.runners.statements.RunBefores.evaluate(RunBefores.java:24)
	at org.junit.runners.ParentRunner.runLeaf(ParentRunner.java:325)
	at org.junit.runners.BlockJUnit4ClassRunner.runChild(BlockJUnit4ClassRunner.java:78)
	at org.junit.runners.BlockJUnit4ClassRunner.runChild(BlockJUnit4ClassRunner.java:57)
	at org.junit.runners.ParentRunner$3.run(ParentRunner.java:290)
	at org.junit.runners.ParentRunner$1.schedule(ParentRunner.java:71)
	at org.junit.runners.ParentRunner.runChildren(ParentRunner.java:288)
	at org.junit.runners.ParentRunner.access$000(ParentRunner.java:58)
	at org.junit.runners.ParentRunner$2.evaluate(ParentRunner.java:268)
	at org.junit.runners.ParentRunner.run(ParentRunner.java:363)
	at org.apache.maven.surefire.junit4.JUnit4Provider.execute(JUnit4Provider.java:252)
	at org.apache.maven.surefire.junit4.JUnit4Provider.executeTestSet(JUnit4Provider.java:141)
	at org.apache.maven.surefire.junit4.JUnit4Provider.invoke(JUnit4Provider.java:112)
	at java.base/jdk.internal.reflect.NativeMethodAccessorImpl.invoke0(Native Method)
	at java.base/jdk.internal.reflect.NativeMethodAccessorImpl.invoke(NativeMethodAccessorImpl.java:62)
	at java.base/jdk.internal.reflect.DelegatingMethodAccessorImpl.invoke(DelegatingMethodAccessorImpl.java:43)
	at java.base/java.lang.reflect.Method.invoke(Method.java:566)
	at org.apache.maven.surefire.util.ReflectionUtils.invokeMethodWithArray(ReflectionUtils.java:189)
	at org.apache.maven.surefire.booter.ProviderFactory$ProviderProxy.invoke(ProviderFactory.java:165)
	at org.apache.maven.surefire.booter.ProviderFactory.invokeProvider(ProviderFactory.java:85)
	at org.apache.maven.surefire.booter.ForkedBooter.runSuitesInProcess(ForkedBooter.java:115)
	at org.apache.maven.surefire.booter.ForkedBooter.main(ForkedBooter.java:75)
Caused by: java.lang.UnsupportedOperationException: Cannot define class using reflection
	at net.bytebuddy.dynamic.loading.ClassInjector$UsingReflection$Dispatcher$Unavailable.defineClass(ClassInjector.java:821)
	at net.bytebuddy.dynamic.loading.ClassInjector$UsingReflection.inject(ClassInjector.java:185)
	at net.bytebuddy.dynamic.loading.ClassLoadingStrategy$Default$InjectionDispatcher.load(ClassLoadingStrategy.java:187)
	at net.bytebuddy.dynamic.TypeResolutionStrategy$Passive.initialize(TypeResolutionStrategy.java:79)
	at net.bytebuddy.dynamic.DynamicType$Default$Unloaded.load(DynamicType.java:4376)
	at org.mockito.internal.creation.bytebuddy.SubclassBytecodeGenerator.mockClass(SubclassBytecodeGenerator.java:94)
	at org.mockito.internal.creation.bytebuddy.TypeCachingBytecodeGenerator$1.call(TypeCachingBytecodeGenerator.java:37)
	at org.mockito.internal.creation.bytebuddy.TypeCachingBytecodeGenerator$1.call(TypeCachingBytecodeGenerator.java:34)
	at net.bytebuddy.TypeCache.findOrInsert(TypeCache.java:138)
	at net.bytebuddy.TypeCache$WithInlineExpunction.findOrInsert(TypeCache.java:346)
	at net.bytebuddy.TypeCache.findOrInsert(TypeCache.java:161)
	at net.bytebuddy.TypeCache$WithInlineExpunction.findOrInsert(TypeCache.java:355)
	at org.mockito.internal.creation.bytebuddy.TypeCachingBytecodeGenerator.mockClass(TypeCachingBytecodeGenerator.java:32)
	at org.mockito.internal.creation.bytebuddy.SubclassByteBuddyMockMaker.createMockType(SubclassByteBuddyMockMaker.java:71)
	at org.mockito.internal.creation.bytebuddy.SubclassByteBuddyMockMaker.createMock(SubclassByteBuddyMockMaker.java:42)
	at org.powermock.api.mockito.mockmaker.PowerMockMaker.createMock(PowerMockMaker.java:50)
	at org.mockito.internal.util.MockUtil.createMock(MockUtil.java:35)
	at org.mockito.internal.MockitoCore.mock(MockitoCore.java:63)
	at org.mockito.Mockito.mock(Mockito.java:1729)
	... 30 more
Caused by: java.lang.IllegalArgumentException: Unknown Java version: 11
	at net.bytebuddy.ClassFileVersion.ofJavaVersion(ClassFileVersion.java:135)
	at net.bytebuddy.ClassFileVersion$VersionLocator$ForJava9CapableVm.locate(ClassFileVersion.java:337)
	at net.bytebuddy.ClassFileVersion.ofThisVm(ClassFileVersion.java:147)
	at net.bytebuddy.dynamic.loading.ClassInjector$UsingReflection$Dispatcher$CreationAction.run(ClassInjector.java:301)
	at net.bytebuddy.dynamic.loading.ClassInjector$UsingReflection$Dispatcher$CreationAction.run(ClassInjector.java:290)
	at java.base/java.security.AccessController.doPrivileged(Native Method)
	at net.bytebuddy.dynamic.loading.ClassInjector$UsingReflection.&lt;clinit&gt;(ClassInjector.java:70)
	at net.bytebuddy.dynamic.loading.ClassLoadingStrategy$Default$InjectionDispatcher.load(ClassLoadingStrategy.java:184)
	... 46 more
</error>
  </testcase>
</testsuite>